{"C:\\Users\\mia-l\\OneDrive\\Documents\\skole\\vår-2020\\Scrum-prosjekt\\harmony\\server\\src\\DAO\\artistDao.js": {"path":"C:\\Users\\mia-l\\OneDrive\\Documents\\skole\\vår-2020\\Scrum-prosjekt\\harmony\\server\\src\\DAO\\artistDao.js","statementMap":{"0":{"start":{"line":2,"column":12},"end":{"line":2,"column":31}},"1":{"start":{"line":3,"column":17},"end":{"line":3,"column":66}},"2":{"start":{"line":5,"column":0},"end":{"line":164,"column":2}},"3":{"start":{"line":9,"column":8},"end":{"line":9,"column":58}},"4":{"start":{"line":14,"column":8},"end":{"line":17,"column":10}},"5":{"start":{"line":22,"column":8},"end":{"line":25,"column":10}},"6":{"start":{"line":31,"column":8},"end":{"line":31,"column":63}},"7":{"start":{"line":32,"column":8},"end":{"line":36,"column":10}},"8":{"start":{"line":40,"column":8},"end":{"line":44,"column":10}},"9":{"start":{"line":49,"column":8},"end":{"line":52,"column":10}},"10":{"start":{"line":55,"column":8},"end":{"line":58,"column":10}},"11":{"start":{"line":62,"column":25},"end":{"line":62,"column":27}},"12":{"start":{"line":63,"column":26},"end":{"line":63,"column":28}},"13":{"start":{"line":64,"column":25},"end":{"line":64,"column":27}},"14":{"start":{"line":66,"column":8},"end":{"line":68,"column":9}},"15":{"start":{"line":67,"column":12},"end":{"line":67,"column":41}},"16":{"start":{"line":69,"column":8},"end":{"line":71,"column":9}},"17":{"start":{"line":70,"column":12},"end":{"line":70,"column":55}},"18":{"start":{"line":72,"column":8},"end":{"line":74,"column":9}},"19":{"start":{"line":73,"column":12},"end":{"line":73,"column":49}},"20":{"start":{"line":75,"column":8},"end":{"line":75,"column":40}},"21":{"start":{"line":76,"column":8},"end":{"line":76,"column":48}},"22":{"start":{"line":77,"column":8},"end":{"line":77,"column":70}},"23":{"start":{"line":79,"column":8},"end":{"line":121,"column":9}},"24":{"start":{"line":80,"column":12},"end":{"line":84,"column":14}},"25":{"start":{"line":85,"column":14},"end":{"line":121,"column":9}},"26":{"start":{"line":86,"column":12},"end":{"line":90,"column":14}},"27":{"start":{"line":91,"column":15},"end":{"line":121,"column":9}},"28":{"start":{"line":92,"column":12},"end":{"line":96,"column":14}},"29":{"start":{"line":97,"column":15},"end":{"line":121,"column":9}},"30":{"start":{"line":98,"column":12},"end":{"line":102,"column":14}},"31":{"start":{"line":103,"column":15},"end":{"line":121,"column":9}},"32":{"start":{"line":104,"column":12},"end":{"line":108,"column":14}},"33":{"start":{"line":109,"column":15},"end":{"line":121,"column":9}},"34":{"start":{"line":110,"column":12},"end":{"line":114,"column":14}},"35":{"start":{"line":116,"column":12},"end":{"line":120,"column":14}},"36":{"start":{"line":136,"column":8},"end":{"line":138,"column":10}},"37":{"start":{"line":141,"column":8},"end":{"line":145,"column":10}},"38":{"start":{"line":149,"column":8},"end":{"line":153,"column":10}}},"fnMap":{"0":{"name":"(anonymous_0)","decl":{"start":{"line":8,"column":4},"end":{"line":8,"column":5}},"loc":{"start":{"line":8,"column":30},"end":{"line":10,"column":5}},"line":8},"1":{"name":"(anonymous_1)","decl":{"start":{"line":13,"column":4},"end":{"line":13,"column":5}},"loc":{"start":{"line":13,"column":57},"end":{"line":18,"column":5}},"line":13},"2":{"name":"(anonymous_2)","decl":{"start":{"line":21,"column":4},"end":{"line":21,"column":5}},"loc":{"start":{"line":21,"column":50},"end":{"line":26,"column":5}},"line":21},"3":{"name":"(anonymous_3)","decl":{"start":{"line":28,"column":4},"end":{"line":28,"column":5}},"loc":{"start":{"line":29,"column":94},"end":{"line":37,"column":5}},"line":29},"4":{"name":"(anonymous_4)","decl":{"start":{"line":39,"column":4},"end":{"line":39,"column":5}},"loc":{"start":{"line":39,"column":72},"end":{"line":45,"column":5}},"line":39},"5":{"name":"(anonymous_5)","decl":{"start":{"line":48,"column":4},"end":{"line":48,"column":5}},"loc":{"start":{"line":48,"column":95},"end":{"line":53,"column":5}},"line":48},"6":{"name":"(anonymous_6)","decl":{"start":{"line":54,"column":4},"end":{"line":54,"column":5}},"loc":{"start":{"line":54,"column":90},"end":{"line":59,"column":5}},"line":54},"7":{"name":"(anonymous_7)","decl":{"start":{"line":61,"column":4},"end":{"line":61,"column":5}},"loc":{"start":{"line":61,"column":146},"end":{"line":122,"column":5}},"line":61},"8":{"name":"(anonymous_8)","decl":{"start":{"line":135,"column":4},"end":{"line":135,"column":5}},"loc":{"start":{"line":135,"column":51},"end":{"line":139,"column":5}},"line":135},"9":{"name":"(anonymous_9)","decl":{"start":{"line":140,"column":4},"end":{"line":140,"column":5}},"loc":{"start":{"line":140,"column":123},"end":{"line":146,"column":5}},"line":140},"10":{"name":"(anonymous_10)","decl":{"start":{"line":148,"column":4},"end":{"line":148,"column":5}},"loc":{"start":{"line":148,"column":77},"end":{"line":154,"column":1}},"line":148}},"branchMap":{"0":{"loc":{"start":{"line":66,"column":8},"end":{"line":68,"column":9}},"type":"if","locations":[{"start":{"line":66,"column":8},"end":{"line":68,"column":9}},{"start":{"line":66,"column":8},"end":{"line":68,"column":9}}],"line":66},"1":{"loc":{"start":{"line":69,"column":8},"end":{"line":71,"column":9}},"type":"if","locations":[{"start":{"line":69,"column":8},"end":{"line":71,"column":9}},{"start":{"line":69,"column":8},"end":{"line":71,"column":9}}],"line":69},"2":{"loc":{"start":{"line":72,"column":8},"end":{"line":74,"column":9}},"type":"if","locations":[{"start":{"line":72,"column":8},"end":{"line":74,"column":9}},{"start":{"line":72,"column":8},"end":{"line":74,"column":9}}],"line":72},"3":{"loc":{"start":{"line":79,"column":8},"end":{"line":121,"column":9}},"type":"if","locations":[{"start":{"line":79,"column":8},"end":{"line":121,"column":9}},{"start":{"line":79,"column":8},"end":{"line":121,"column":9}}],"line":79},"4":{"loc":{"start":{"line":79,"column":11},"end":{"line":79,"column":60}},"type":"binary-expr","locations":[{"start":{"line":79,"column":11},"end":{"line":79,"column":23}},{"start":{"line":79,"column":27},"end":{"line":79,"column":42}},{"start":{"line":79,"column":46},"end":{"line":79,"column":60}}],"line":79},"5":{"loc":{"start":{"line":85,"column":14},"end":{"line":121,"column":9}},"type":"if","locations":[{"start":{"line":85,"column":14},"end":{"line":121,"column":9}},{"start":{"line":85,"column":14},"end":{"line":121,"column":9}}],"line":85},"6":{"loc":{"start":{"line":85,"column":17},"end":{"line":85,"column":66}},"type":"binary-expr","locations":[{"start":{"line":85,"column":17},"end":{"line":85,"column":30}},{"start":{"line":85,"column":34},"end":{"line":85,"column":48}},{"start":{"line":85,"column":52},"end":{"line":85,"column":66}}],"line":85},"7":{"loc":{"start":{"line":91,"column":15},"end":{"line":121,"column":9}},"type":"if","locations":[{"start":{"line":91,"column":15},"end":{"line":121,"column":9}},{"start":{"line":91,"column":15},"end":{"line":121,"column":9}}],"line":91},"8":{"loc":{"start":{"line":91,"column":18},"end":{"line":91,"column":66}},"type":"binary-expr","locations":[{"start":{"line":91,"column":18},"end":{"line":91,"column":31}},{"start":{"line":91,"column":35},"end":{"line":91,"column":49}},{"start":{"line":91,"column":53},"end":{"line":91,"column":66}}],"line":91},"9":{"loc":{"start":{"line":97,"column":15},"end":{"line":121,"column":9}},"type":"if","locations":[{"start":{"line":97,"column":15},"end":{"line":121,"column":9}},{"start":{"line":97,"column":15},"end":{"line":121,"column":9}}],"line":97},"10":{"loc":{"start":{"line":97,"column":18},"end":{"line":97,"column":68}},"type":"binary-expr","locations":[{"start":{"line":97,"column":18},"end":{"line":97,"column":32}},{"start":{"line":97,"column":36},"end":{"line":97,"column":51}},{"start":{"line":97,"column":55},"end":{"line":97,"column":68}}],"line":97},"11":{"loc":{"start":{"line":103,"column":15},"end":{"line":121,"column":9}},"type":"if","locations":[{"start":{"line":103,"column":15},"end":{"line":121,"column":9}},{"start":{"line":103,"column":15},"end":{"line":121,"column":9}}],"line":103},"12":{"loc":{"start":{"line":103,"column":18},"end":{"line":103,"column":66}},"type":"binary-expr","locations":[{"start":{"line":103,"column":18},"end":{"line":103,"column":32}},{"start":{"line":103,"column":36},"end":{"line":103,"column":49}},{"start":{"line":103,"column":53},"end":{"line":103,"column":66}}],"line":103},"13":{"loc":{"start":{"line":109,"column":15},"end":{"line":121,"column":9}},"type":"if","locations":[{"start":{"line":109,"column":15},"end":{"line":121,"column":9}},{"start":{"line":109,"column":15},"end":{"line":121,"column":9}}],"line":109},"14":{"loc":{"start":{"line":109,"column":19},"end":{"line":109,"column":66}},"type":"binary-expr","locations":[{"start":{"line":109,"column":19},"end":{"line":109,"column":32}},{"start":{"line":109,"column":36},"end":{"line":109,"column":51}},{"start":{"line":109,"column":55},"end":{"line":109,"column":66}}],"line":109}},"s":{"0":1,"1":1,"2":1,"3":1,"4":1,"5":1,"6":0,"7":0,"8":0,"9":0,"10":0,"11":0,"12":0,"13":0,"14":0,"15":0,"16":0,"17":0,"18":0,"19":0,"20":0,"21":0,"22":0,"23":0,"24":0,"25":0,"26":0,"27":0,"28":0,"29":0,"30":0,"31":0,"32":0,"33":0,"34":0,"35":0,"36":0,"37":1,"38":0},"f":{"0":1,"1":1,"2":1,"3":0,"4":0,"5":0,"6":0,"7":0,"8":0,"9":1,"10":0},"b":{"0":[0,0],"1":[0,0],"2":[0,0],"3":[0,0],"4":[0,0,0],"5":[0,0],"6":[0,0,0],"7":[0,0],"8":[0,0,0],"9":[0,0],"10":[0,0,0],"11":[0,0],"12":[0,0,0],"13":[0,0],"14":[0,0,0]},"_coverageSchema":"43e27e138ebf9cfc5966b082cf9a028302ed4184","hash":"f06bcd4a2f9e7851d83cbd6554b444c7f57558fe"}
,"C:\\Users\\mia-l\\OneDrive\\Documents\\skole\\vår-2020\\Scrum-prosjekt\\harmony\\server\\src\\DAO\\dao.js": {"path":"C:\\Users\\mia-l\\OneDrive\\Documents\\skole\\vår-2020\\Scrum-prosjekt\\harmony\\server\\src\\DAO\\dao.js","statementMap":{"0":{"start":{"line":3,"column":0},"end":{"line":30,"column":2}},"1":{"start":{"line":6,"column":8},"end":{"line":6,"column":25}},"2":{"start":{"line":10,"column":8},"end":{"line":28,"column":11}},"3":{"start":{"line":11,"column":12},"end":{"line":11,"column":49}},"4":{"start":{"line":12,"column":12},"end":{"line":27,"column":13}},"5":{"start":{"line":13,"column":16},"end":{"line":13,"column":59}},"6":{"start":{"line":14,"column":16},"end":{"line":14,"column":59}},"7":{"start":{"line":16,"column":16},"end":{"line":16,"column":56}},"8":{"start":{"line":17,"column":16},"end":{"line":26,"column":19}},"9":{"start":{"line":18,"column":20},"end":{"line":18,"column":41}},"10":{"start":{"line":19,"column":20},"end":{"line":25,"column":21}},"11":{"start":{"line":20,"column":24},"end":{"line":20,"column":41}},"12":{"start":{"line":21,"column":24},"end":{"line":21,"column":65}},"13":{"start":{"line":23,"column":24},"end":{"line":23,"column":59}},"14":{"start":{"line":24,"column":24},"end":{"line":24,"column":44}}},"fnMap":{"0":{"name":"(anonymous_0)","decl":{"start":{"line":5,"column":4},"end":{"line":5,"column":5}},"loc":{"start":{"line":5,"column":26},"end":{"line":7,"column":5}},"line":5},"1":{"name":"(anonymous_1)","decl":{"start":{"line":9,"column":4},"end":{"line":9,"column":5}},"loc":{"start":{"line":9,"column":65},"end":{"line":29,"column":5}},"line":9},"2":{"name":"(anonymous_2)","decl":{"start":{"line":10,"column":32},"end":{"line":10,"column":33}},"loc":{"start":{"line":10,"column":69},"end":{"line":28,"column":9}},"line":10},"3":{"name":"(anonymous_3)","decl":{"start":{"line":17,"column":46},"end":{"line":17,"column":47}},"loc":{"start":{"line":17,"column":73},"end":{"line":26,"column":17}},"line":17}},"branchMap":{"0":{"loc":{"start":{"line":12,"column":12},"end":{"line":27,"column":13}},"type":"if","locations":[{"start":{"line":12,"column":12},"end":{"line":27,"column":13}},{"start":{"line":12,"column":12},"end":{"line":27,"column":13}}],"line":12},"1":{"loc":{"start":{"line":19,"column":20},"end":{"line":25,"column":21}},"type":"if","locations":[{"start":{"line":19,"column":20},"end":{"line":25,"column":21}},{"start":{"line":19,"column":20},"end":{"line":25,"column":21}}],"line":19}},"s":{"0":6,"1":6,"2":46,"3":46,"4":46,"5":46,"6":46,"7":0,"8":0,"9":0,"10":0,"11":0,"12":0,"13":0,"14":0},"f":{"0":6,"1":46,"2":46,"3":0},"b":{"0":[46,0],"1":[0,0]},"_coverageSchema":"43e27e138ebf9cfc5966b082cf9a028302ed4184","hash":"f35d9d7147d75cb7651062b772cb215139dbed3a"}
,"C:\\Users\\mia-l\\OneDrive\\Documents\\skole\\vår-2020\\Scrum-prosjekt\\harmony\\server\\src\\DAO\\eventDao.js": {"path":"C:\\Users\\mia-l\\OneDrive\\Documents\\skole\\vår-2020\\Scrum-prosjekt\\harmony\\server\\src\\DAO\\eventDao.js","statementMap":{"0":{"start":{"line":3,"column":12},"end":{"line":3,"column":31}},"1":{"start":{"line":4,"column":17},"end":{"line":4,"column":66}},"2":{"start":{"line":6,"column":0},"end":{"line":131,"column":2}},"3":{"start":{"line":10,"column":8},"end":{"line":10,"column":82}},"4":{"start":{"line":15,"column":8},"end":{"line":15,"column":83}},"5":{"start":{"line":20,"column":6},"end":{"line":20,"column":102}},"6":{"start":{"line":25,"column":6},"end":{"line":25,"column":104}},"7":{"start":{"line":30,"column":6},"end":{"line":30,"column":154}},"8":{"start":{"line":34,"column":6},"end":{"line":34,"column":156}},"9":{"start":{"line":38,"column":6},"end":{"line":38,"column":148}},"10":{"start":{"line":43,"column":6},"end":{"line":43,"column":150}},"11":{"start":{"line":48,"column":6},"end":{"line":49,"column":168}},"12":{"start":{"line":53,"column":6},"end":{"line":54,"column":114}},"13":{"start":{"line":58,"column":6},"end":{"line":59,"column":116}},"14":{"start":{"line":63,"column":6},"end":{"line":67,"column":8}},"15":{"start":{"line":71,"column":6},"end":{"line":75,"column":8}},"16":{"start":{"line":80,"column":8},"end":{"line":80,"column":86}},"17":{"start":{"line":84,"column":8},"end":{"line":84,"column":96}},"18":{"start":{"line":88,"column":6},"end":{"line":90,"column":28}},"19":{"start":{"line":95,"column":6},"end":{"line":95,"column":85}},"20":{"start":{"line":100,"column":6},"end":{"line":101,"column":20}},"21":{"start":{"line":105,"column":6},"end":{"line":109,"column":8}},"22":{"start":{"line":114,"column":8},"end":{"line":117,"column":9}},"23":{"start":{"line":121,"column":4},"end":{"line":125,"column":5}},"24":{"start":{"line":129,"column":8},"end":{"line":129,"column":105}}},"fnMap":{"0":{"name":"(anonymous_0)","decl":{"start":{"line":9,"column":4},"end":{"line":9,"column":5}},"loc":{"start":{"line":9,"column":31},"end":{"line":11,"column":5}},"line":9},"1":{"name":"(anonymous_1)","decl":{"start":{"line":14,"column":4},"end":{"line":14,"column":5}},"loc":{"start":{"line":14,"column":51},"end":{"line":16,"column":5}},"line":14},"2":{"name":"(anonymous_2)","decl":{"start":{"line":19,"column":4},"end":{"line":19,"column":5}},"loc":{"start":{"line":19,"column":51},"end":{"line":21,"column":5}},"line":19},"3":{"name":"(anonymous_3)","decl":{"start":{"line":24,"column":4},"end":{"line":24,"column":5}},"loc":{"start":{"line":24,"column":53},"end":{"line":26,"column":5}},"line":24},"4":{"name":"(anonymous_4)","decl":{"start":{"line":29,"column":4},"end":{"line":29,"column":5}},"loc":{"start":{"line":29,"column":59},"end":{"line":31,"column":5}},"line":29},"5":{"name":"(anonymous_5)","decl":{"start":{"line":33,"column":4},"end":{"line":33,"column":5}},"loc":{"start":{"line":33,"column":61},"end":{"line":35,"column":5}},"line":33},"6":{"name":"(anonymous_6)","decl":{"start":{"line":37,"column":4},"end":{"line":37,"column":5}},"loc":{"start":{"line":37,"column":59},"end":{"line":39,"column":5}},"line":37},"7":{"name":"(anonymous_7)","decl":{"start":{"line":42,"column":4},"end":{"line":42,"column":5}},"loc":{"start":{"line":42,"column":61},"end":{"line":44,"column":5}},"line":42},"8":{"name":"(anonymous_8)","decl":{"start":{"line":47,"column":4},"end":{"line":47,"column":5}},"loc":{"start":{"line":47,"column":52},"end":{"line":50,"column":5}},"line":47},"9":{"name":"(anonymous_9)","decl":{"start":{"line":52,"column":4},"end":{"line":52,"column":5}},"loc":{"start":{"line":52,"column":55},"end":{"line":55,"column":5}},"line":52},"10":{"name":"(anonymous_10)","decl":{"start":{"line":57,"column":4},"end":{"line":57,"column":5}},"loc":{"start":{"line":57,"column":57},"end":{"line":60,"column":5}},"line":57},"11":{"name":"(anonymous_11)","decl":{"start":{"line":62,"column":4},"end":{"line":62,"column":5}},"loc":{"start":{"line":62,"column":61},"end":{"line":68,"column":5}},"line":62},"12":{"name":"(anonymous_12)","decl":{"start":{"line":70,"column":4},"end":{"line":70,"column":5}},"loc":{"start":{"line":70,"column":59},"end":{"line":76,"column":5}},"line":70},"13":{"name":"(anonymous_13)","decl":{"start":{"line":79,"column":4},"end":{"line":79,"column":5}},"loc":{"start":{"line":79,"column":57},"end":{"line":81,"column":5}},"line":79},"14":{"name":"(anonymous_14)","decl":{"start":{"line":83,"column":4},"end":{"line":83,"column":5}},"loc":{"start":{"line":83,"column":53},"end":{"line":85,"column":5}},"line":83},"15":{"name":"(anonymous_15)","decl":{"start":{"line":87,"column":4},"end":{"line":87,"column":5}},"loc":{"start":{"line":87,"column":188},"end":{"line":91,"column":5}},"line":87},"16":{"name":"(anonymous_16)","decl":{"start":{"line":94,"column":4},"end":{"line":94,"column":5}},"loc":{"start":{"line":94,"column":59},"end":{"line":96,"column":5}},"line":94},"17":{"name":"(anonymous_17)","decl":{"start":{"line":99,"column":4},"end":{"line":99,"column":5}},"loc":{"start":{"line":99,"column":96},"end":{"line":102,"column":5}},"line":99},"18":{"name":"(anonymous_18)","decl":{"start":{"line":104,"column":4},"end":{"line":104,"column":5}},"loc":{"start":{"line":104,"column":55},"end":{"line":110,"column":5}},"line":104},"19":{"name":"(anonymous_19)","decl":{"start":{"line":113,"column":4},"end":{"line":113,"column":5}},"loc":{"start":{"line":113,"column":72},"end":{"line":118,"column":5}},"line":113},"20":{"name":"(anonymous_20)","decl":{"start":{"line":120,"column":4},"end":{"line":120,"column":5}},"loc":{"start":{"line":120,"column":80},"end":{"line":126,"column":3}},"line":120},"21":{"name":"(anonymous_21)","decl":{"start":{"line":128,"column":2},"end":{"line":128,"column":3}},"loc":{"start":{"line":128,"column":71},"end":{"line":130,"column":5}},"line":128}},"branchMap":{},"s":{"0":1,"1":1,"2":1,"3":1,"4":1,"5":1,"6":1,"7":1,"8":0,"9":0,"10":1,"11":0,"12":0,"13":0,"14":0,"15":0,"16":1,"17":1,"18":1,"19":1,"20":1,"21":1,"22":1,"23":0,"24":0},"f":{"0":1,"1":1,"2":1,"3":1,"4":1,"5":0,"6":0,"7":1,"8":0,"9":0,"10":0,"11":0,"12":0,"13":1,"14":1,"15":1,"16":1,"17":1,"18":1,"19":1,"20":0,"21":0},"b":{},"_coverageSchema":"43e27e138ebf9cfc5966b082cf9a028302ed4184","hash":"cfd4ef3c1a9cc24175fe20be4b71f2b097e71b16"}
,"C:\\Users\\mia-l\\OneDrive\\Documents\\skole\\vår-2020\\Scrum-prosjekt\\harmony\\server\\src\\DAO\\organizationDao.js": {"path":"C:\\Users\\mia-l\\OneDrive\\Documents\\skole\\vår-2020\\Scrum-prosjekt\\harmony\\server\\src\\DAO\\organizationDao.js","statementMap":{"0":{"start":{"line":2,"column":12},"end":{"line":2,"column":31}},"1":{"start":{"line":3,"column":17},"end":{"line":3,"column":66}},"2":{"start":{"line":5,"column":0},"end":{"line":56,"column":2}},"3":{"start":{"line":7,"column":8},"end":{"line":9,"column":10}},"4":{"start":{"line":13,"column":8},"end":{"line":16,"column":10}},"5":{"start":{"line":20,"column":8},"end":{"line":23,"column":10}},"6":{"start":{"line":26,"column":8},"end":{"line":29,"column":10}},"7":{"start":{"line":33,"column":8},"end":{"line":36,"column":10}},"8":{"start":{"line":40,"column":8},"end":{"line":43,"column":10}},"9":{"start":{"line":47,"column":8},"end":{"line":50,"column":10}},"10":{"start":{"line":54,"column":8},"end":{"line":54,"column":108}}},"fnMap":{"0":{"name":"(anonymous_0)","decl":{"start":{"line":6,"column":4},"end":{"line":6,"column":5}},"loc":{"start":{"line":6,"column":44},"end":{"line":10,"column":5}},"line":6},"1":{"name":"(anonymous_1)","decl":{"start":{"line":12,"column":4},"end":{"line":12,"column":5}},"loc":{"start":{"line":12,"column":56},"end":{"line":17,"column":5}},"line":12},"2":{"name":"(anonymous_2)","decl":{"start":{"line":19,"column":4},"end":{"line":19,"column":5}},"loc":{"start":{"line":19,"column":53},"end":{"line":24,"column":5}},"line":19},"3":{"name":"(anonymous_3)","decl":{"start":{"line":25,"column":4},"end":{"line":25,"column":5}},"loc":{"start":{"line":25,"column":57},"end":{"line":30,"column":1}},"line":25},"4":{"name":"(anonymous_4)","decl":{"start":{"line":32,"column":4},"end":{"line":32,"column":5}},"loc":{"start":{"line":32,"column":96},"end":{"line":37,"column":5}},"line":32},"5":{"name":"(anonymous_5)","decl":{"start":{"line":39,"column":4},"end":{"line":39,"column":5}},"loc":{"start":{"line":39,"column":58},"end":{"line":44,"column":5}},"line":39},"6":{"name":"(anonymous_6)","decl":{"start":{"line":46,"column":4},"end":{"line":46,"column":5}},"loc":{"start":{"line":46,"column":114},"end":{"line":51,"column":5}},"line":46},"7":{"name":"(anonymous_7)","decl":{"start":{"line":53,"column":4},"end":{"line":53,"column":5}},"loc":{"start":{"line":53,"column":69},"end":{"line":55,"column":5}},"line":53}},"branchMap":{},"s":{"0":1,"1":1,"2":1,"3":1,"4":2,"5":1,"6":1,"7":0,"8":0,"9":1,"10":0},"f":{"0":1,"1":2,"2":1,"3":1,"4":0,"5":0,"6":1,"7":0},"b":{},"_coverageSchema":"43e27e138ebf9cfc5966b082cf9a028302ed4184","hash":"e1388e287c9c8bb42695b565d6fb774aae30db89"}
,"C:\\Users\\mia-l\\OneDrive\\Documents\\skole\\vår-2020\\Scrum-prosjekt\\harmony\\server\\src\\DAO\\runsqlfile.js": {"path":"C:\\Users\\mia-l\\OneDrive\\Documents\\skole\\vår-2020\\Scrum-prosjekt\\harmony\\server\\src\\DAO\\runsqlfile.js","statementMap":{"0":{"start":{"line":3,"column":12},"end":{"line":3,"column":28}},"1":{"start":{"line":4,"column":9},"end":{"line":4,"column":22}},"2":{"start":{"line":5,"column":11},"end":{"line":5,"column":26}},"3":{"start":{"line":8,"column":0},"end":{"line":29,"column":2}},"4":{"start":{"line":9,"column":2},"end":{"line":9,"column":54}},"5":{"start":{"line":10,"column":12},"end":{"line":10,"column":67}},"6":{"start":{"line":11,"column":2},"end":{"line":28,"column":5}},"7":{"start":{"line":12,"column":4},"end":{"line":27,"column":5}},"8":{"start":{"line":13,"column":6},"end":{"line":13,"column":50}},"9":{"start":{"line":14,"column":6},"end":{"line":14,"column":13}},"10":{"start":{"line":16,"column":6},"end":{"line":16,"column":43}},"11":{"start":{"line":17,"column":6},"end":{"line":26,"column":9}},"12":{"start":{"line":18,"column":8},"end":{"line":18,"column":29}},"13":{"start":{"line":19,"column":8},"end":{"line":25,"column":9}},"14":{"start":{"line":20,"column":10},"end":{"line":20,"column":27}},"15":{"start":{"line":21,"column":10},"end":{"line":21,"column":17}},"16":{"start":{"line":23,"column":10},"end":{"line":23,"column":44}},"17":{"start":{"line":24,"column":10},"end":{"line":24,"column":17}}},"fnMap":{"0":{"name":"run","decl":{"start":{"line":8,"column":26},"end":{"line":8,"column":29}},"loc":{"start":{"line":8,"column":80},"end":{"line":29,"column":1}},"line":8},"1":{"name":"(anonymous_1)","decl":{"start":{"line":11,"column":21},"end":{"line":11,"column":22}},"loc":{"start":{"line":11,"column":42},"end":{"line":28,"column":3}},"line":11},"2":{"name":"(anonymous_2)","decl":{"start":{"line":17,"column":28},"end":{"line":17,"column":29}},"loc":{"start":{"line":17,"column":43},"end":{"line":26,"column":7}},"line":17}},"branchMap":{"0":{"loc":{"start":{"line":12,"column":4},"end":{"line":27,"column":5}},"type":"if","locations":[{"start":{"line":12,"column":4},"end":{"line":27,"column":5}},{"start":{"line":12,"column":4},"end":{"line":27,"column":5}}],"line":12},"1":{"loc":{"start":{"line":19,"column":8},"end":{"line":25,"column":9}},"type":"if","locations":[{"start":{"line":19,"column":8},"end":{"line":25,"column":9}},{"start":{"line":19,"column":8},"end":{"line":25,"column":9}}],"line":19}},"s":{"0":6,"1":6,"2":6,"3":6,"4":12,"5":12,"6":12,"7":12,"8":12,"9":12,"10":0,"11":0,"12":0,"13":0,"14":0,"15":0,"16":0,"17":0},"f":{"0":12,"1":12,"2":0},"b":{"0":[12,0],"1":[0,0]},"_coverageSchema":"43e27e138ebf9cfc5966b082cf9a028302ed4184","hash":"948b4cd4af0f795893e710af883614b2b21328b9"}
,"C:\\Users\\mia-l\\OneDrive\\Documents\\skole\\vår-2020\\Scrum-prosjekt\\harmony\\server\\src\\DAO\\ticketDao.js": {"path":"C:\\Users\\mia-l\\OneDrive\\Documents\\skole\\vår-2020\\Scrum-prosjekt\\harmony\\server\\src\\DAO\\ticketDao.js","statementMap":{"0":{"start":{"line":2,"column":12},"end":{"line":2,"column":31}},"1":{"start":{"line":4,"column":0},"end":{"line":51,"column":2}},"2":{"start":{"line":6,"column":8},"end":{"line":8,"column":10}},"3":{"start":{"line":12,"column":8},"end":{"line":14,"column":10}},"4":{"start":{"line":18,"column":8},"end":{"line":21,"column":10}},"5":{"start":{"line":25,"column":8},"end":{"line":28,"column":10}},"6":{"start":{"line":32,"column":8},"end":{"line":35,"column":10}},"7":{"start":{"line":39,"column":8},"end":{"line":42,"column":9}},"8":{"start":{"line":46,"column":7},"end":{"line":49,"column":9}}},"fnMap":{"0":{"name":"(anonymous_0)","decl":{"start":{"line":5,"column":4},"end":{"line":5,"column":5}},"loc":{"start":{"line":5,"column":38},"end":{"line":9,"column":5}},"line":5},"1":{"name":"(anonymous_1)","decl":{"start":{"line":11,"column":4},"end":{"line":11,"column":5}},"loc":{"start":{"line":11,"column":57},"end":{"line":15,"column":5}},"line":11},"2":{"name":"(anonymous_2)","decl":{"start":{"line":17,"column":4},"end":{"line":17,"column":5}},"loc":{"start":{"line":17,"column":52},"end":{"line":22,"column":5}},"line":17},"3":{"name":"(anonymous_3)","decl":{"start":{"line":24,"column":4},"end":{"line":24,"column":5}},"loc":{"start":{"line":24,"column":70},"end":{"line":29,"column":5}},"line":24},"4":{"name":"(anonymous_4)","decl":{"start":{"line":31,"column":4},"end":{"line":31,"column":5}},"loc":{"start":{"line":31,"column":154},"end":{"line":36,"column":5}},"line":31},"5":{"name":"(anonymous_5)","decl":{"start":{"line":38,"column":4},"end":{"line":38,"column":5}},"loc":{"start":{"line":38,"column":55},"end":{"line":43,"column":5}},"line":38},"6":{"name":"(anonymous_6)","decl":{"start":{"line":45,"column":4},"end":{"line":45,"column":5}},"loc":{"start":{"line":45,"column":157},"end":{"line":50,"column":5}},"line":45}},"branchMap":{},"s":{"0":1,"1":1,"2":3,"3":0,"4":1,"5":1,"6":1,"7":1,"8":1},"f":{"0":3,"1":0,"2":1,"3":1,"4":1,"5":1,"6":1},"b":{},"_coverageSchema":"43e27e138ebf9cfc5966b082cf9a028302ed4184","hash":"e37bd8f210ecd973a465d37ee684333cbbe41a0c"}
,"C:\\Users\\mia-l\\OneDrive\\Documents\\skole\\vår-2020\\Scrum-prosjekt\\harmony\\server\\src\\DAO\\userDao.js": {"path":"C:\\Users\\mia-l\\OneDrive\\Documents\\skole\\vår-2020\\Scrum-prosjekt\\harmony\\server\\src\\DAO\\userDao.js","statementMap":{"0":{"start":{"line":2,"column":12},"end":{"line":2,"column":31}},"1":{"start":{"line":3,"column":15},"end":{"line":3,"column":34}},"2":{"start":{"line":4,"column":17},"end":{"line":4,"column":66}},"3":{"start":{"line":5,"column":27},"end":{"line":5,"column":29}},"4":{"start":{"line":7,"column":0},"end":{"line":106,"column":2}},"5":{"start":{"line":11,"column":8},"end":{"line":11,"column":88}},"6":{"start":{"line":15,"column":8},"end":{"line":15,"column":112}},"7":{"start":{"line":20,"column":8},"end":{"line":20,"column":88}},"8":{"start":{"line":24,"column":8},"end":{"line":24,"column":112}},"9":{"start":{"line":28,"column":8},"end":{"line":29,"column":107}},"10":{"start":{"line":34,"column":8},"end":{"line":34,"column":76}},"11":{"start":{"line":39,"column":8},"end":{"line":39,"column":137}},"12":{"start":{"line":44,"column":27},"end":{"line":44,"column":57}},"13":{"start":{"line":45,"column":8},"end":{"line":45,"column":35}},"14":{"start":{"line":46,"column":27},"end":{"line":46,"column":63}},"15":{"start":{"line":47,"column":8},"end":{"line":51,"column":10}},"16":{"start":{"line":55,"column":8},"end":{"line":55,"column":79}},"17":{"start":{"line":60,"column":8},"end":{"line":60,"column":100}},"18":{"start":{"line":65,"column":8},"end":{"line":65,"column":74}},"19":{"start":{"line":70,"column":8},"end":{"line":70,"column":96}},"20":{"start":{"line":74,"column":8},"end":{"line":74,"column":102}},"21":{"start":{"line":77,"column":8},"end":{"line":77,"column":121}},"22":{"start":{"line":80,"column":27},"end":{"line":80,"column":57}},"23":{"start":{"line":81,"column":8},"end":{"line":81,"column":35}},"24":{"start":{"line":82,"column":27},"end":{"line":82,"column":63}},"25":{"start":{"line":83,"column":8},"end":{"line":85,"column":10}},"26":{"start":{"line":89,"column":27},"end":{"line":89,"column":57}},"27":{"start":{"line":90,"column":8},"end":{"line":90,"column":35}},"28":{"start":{"line":91,"column":27},"end":{"line":91,"column":63}},"29":{"start":{"line":92,"column":8},"end":{"line":94,"column":10}},"30":{"start":{"line":98,"column":8},"end":{"line":100,"column":10}},"31":{"start":{"line":104,"column":8},"end":{"line":104,"column":89}}},"fnMap":{"0":{"name":"(anonymous_0)","decl":{"start":{"line":10,"column":4},"end":{"line":10,"column":5}},"loc":{"start":{"line":10,"column":56},"end":{"line":12,"column":5}},"line":10},"1":{"name":"(anonymous_1)","decl":{"start":{"line":14,"column":4},"end":{"line":14,"column":5}},"loc":{"start":{"line":14,"column":78},"end":{"line":16,"column":5}},"line":14},"2":{"name":"(anonymous_2)","decl":{"start":{"line":19,"column":4},"end":{"line":19,"column":5}},"loc":{"start":{"line":19,"column":57},"end":{"line":21,"column":5}},"line":19},"3":{"name":"(anonymous_3)","decl":{"start":{"line":23,"column":4},"end":{"line":23,"column":5}},"loc":{"start":{"line":23,"column":79},"end":{"line":25,"column":5}},"line":23},"4":{"name":"(anonymous_4)","decl":{"start":{"line":27,"column":4},"end":{"line":27,"column":5}},"loc":{"start":{"line":27,"column":150},"end":{"line":30,"column":1}},"line":27},"5":{"name":"(anonymous_5)","decl":{"start":{"line":33,"column":4},"end":{"line":33,"column":5}},"loc":{"start":{"line":33,"column":47},"end":{"line":35,"column":5}},"line":33},"6":{"name":"(anonymous_6)","decl":{"start":{"line":38,"column":4},"end":{"line":38,"column":5}},"loc":{"start":{"line":38,"column":71},"end":{"line":40,"column":5}},"line":38},"7":{"name":"(anonymous_7)","decl":{"start":{"line":43,"column":4},"end":{"line":43,"column":5}},"loc":{"start":{"line":43,"column":175},"end":{"line":52,"column":5}},"line":43},"8":{"name":"(anonymous_8)","decl":{"start":{"line":54,"column":4},"end":{"line":54,"column":5}},"loc":{"start":{"line":54,"column":58},"end":{"line":56,"column":5}},"line":54},"9":{"name":"(anonymous_9)","decl":{"start":{"line":59,"column":4},"end":{"line":59,"column":5}},"loc":{"start":{"line":59,"column":55},"end":{"line":61,"column":5}},"line":59},"10":{"name":"(anonymous_10)","decl":{"start":{"line":64,"column":4},"end":{"line":64,"column":5}},"loc":{"start":{"line":64,"column":50},"end":{"line":66,"column":5}},"line":64},"11":{"name":"(anonymous_11)","decl":{"start":{"line":69,"column":4},"end":{"line":69,"column":5}},"loc":{"start":{"line":69,"column":79},"end":{"line":71,"column":5}},"line":69},"12":{"name":"(anonymous_12)","decl":{"start":{"line":73,"column":4},"end":{"line":73,"column":5}},"loc":{"start":{"line":73,"column":71},"end":{"line":75,"column":5}},"line":73},"13":{"name":"(anonymous_13)","decl":{"start":{"line":76,"column":4},"end":{"line":76,"column":5}},"loc":{"start":{"line":76,"column":94},"end":{"line":78,"column":5}},"line":76},"14":{"name":"(anonymous_14)","decl":{"start":{"line":79,"column":4},"end":{"line":79,"column":5}},"loc":{"start":{"line":79,"column":99},"end":{"line":86,"column":5}},"line":79},"15":{"name":"(anonymous_15)","decl":{"start":{"line":88,"column":4},"end":{"line":88,"column":5}},"loc":{"start":{"line":88,"column":89},"end":{"line":95,"column":5}},"line":88},"16":{"name":"(anonymous_16)","decl":{"start":{"line":97,"column":4},"end":{"line":97,"column":5}},"loc":{"start":{"line":97,"column":82},"end":{"line":101,"column":5}},"line":97},"17":{"name":"(anonymous_17)","decl":{"start":{"line":103,"column":4},"end":{"line":103,"column":5}},"loc":{"start":{"line":103,"column":51},"end":{"line":105,"column":5}},"line":103}},"branchMap":{},"s":{"0":1,"1":1,"2":1,"3":1,"4":1,"5":1,"6":1,"7":1,"8":1,"9":0,"10":1,"11":1,"12":1,"13":1,"14":1,"15":1,"16":1,"17":1,"18":0,"19":1,"20":0,"21":0,"22":1,"23":1,"24":1,"25":1,"26":0,"27":0,"28":0,"29":0,"30":0,"31":0},"f":{"0":1,"1":1,"2":1,"3":1,"4":0,"5":1,"6":1,"7":1,"8":1,"9":1,"10":0,"11":1,"12":0,"13":0,"14":1,"15":0,"16":0,"17":0},"b":{},"_coverageSchema":"43e27e138ebf9cfc5966b082cf9a028302ed4184","hash":"e6f2fef417b5fc4130e85b03e63c927a5f6bb463"}
,"C:\\Users\\mia-l\\OneDrive\\Documents\\skole\\vår-2020\\Scrum-prosjekt\\harmony\\server\\src\\DAO\\userEventDao.js": {"path":"C:\\Users\\mia-l\\OneDrive\\Documents\\skole\\vår-2020\\Scrum-prosjekt\\harmony\\server\\src\\DAO\\userEventDao.js","statementMap":{"0":{"start":{"line":2,"column":12},"end":{"line":2,"column":31}},"1":{"start":{"line":4,"column":0},"end":{"line":31,"column":2}},"2":{"start":{"line":7,"column":8},"end":{"line":8,"column":87}},"3":{"start":{"line":12,"column":8},"end":{"line":15,"column":10}},"4":{"start":{"line":19,"column":8},"end":{"line":22,"column":10}},"5":{"start":{"line":26,"column":8},"end":{"line":29,"column":9}}},"fnMap":{"0":{"name":"(anonymous_0)","decl":{"start":{"line":6,"column":4},"end":{"line":6,"column":5}},"loc":{"start":{"line":6,"column":119},"end":{"line":9,"column":5}},"line":6},"1":{"name":"(anonymous_1)","decl":{"start":{"line":11,"column":4},"end":{"line":11,"column":5}},"loc":{"start":{"line":11,"column":52},"end":{"line":16,"column":5}},"line":11},"2":{"name":"(anonymous_2)","decl":{"start":{"line":18,"column":4},"end":{"line":18,"column":5}},"loc":{"start":{"line":18,"column":74},"end":{"line":23,"column":5}},"line":18},"3":{"name":"(anonymous_3)","decl":{"start":{"line":25,"column":4},"end":{"line":25,"column":5}},"loc":{"start":{"line":25,"column":138},"end":{"line":30,"column":5}},"line":25}},"branchMap":{},"s":{"0":1,"1":1,"2":1,"3":1,"4":1,"5":1},"f":{"0":1,"1":1,"2":1,"3":1},"b":{},"_coverageSchema":"43e27e138ebf9cfc5966b082cf9a028302ed4184","hash":"928d2363464d3b2169f9dbf45edbe41e2203c844"}
}
